[{"useNaturalConf":true,"startTime":"Jun 21, 2023, 8:13:23 PM","endTime":"Jun 21, 2023, 8:13:51 PM","status":"FAIL","level":0,"isLeaf":false,"name":"Create a course","description":"","bddType":"com.aventstack.extentreports.gherkin.model.Feature","infoMap":{},"children":[{"useNaturalConf":true,"startTime":"Jun 21, 2023, 8:13:23 PM","endTime":"Jun 21, 2023, 8:13:51 PM","status":"FAIL","level":1,"isLeaf":false,"name":"User is able to login to application","description":"\u003cbr\u003e\u003cbr\u003e\u003ctable class\u003d\u0027markup-table table \u0027\u003e\u003ctr\u003e\u003ctd\u003eemail\u003c/td\u003e\u003ctd\u003epassword\u003c/td\u003e\u003c/tr\u003e\u003ctr\u003e\u003ctd\u003einueron@neuron.ai\u003c/td\u003e\u003ctd\u003eineuron\u003c/td\u003e\u003c/tr\u003e\u003c/table\u003e","bddType":"com.aventstack.extentreports.gherkin.model.ScenarioOutline","infoMap":{},"children":[{"useNaturalConf":true,"startTime":"Jun 21, 2023, 8:13:23 PM","endTime":"Jun 21, 2023, 8:13:51 PM","status":"FAIL","level":2,"isLeaf":false,"name":"User is able to login to application","description":"","bddType":"com.aventstack.extentreports.gherkin.model.Scenario","infoMap":{},"children":[{"useNaturalConf":true,"startTime":"Jun 21, 2023, 8:13:23 PM","endTime":"Jun 21, 2023, 8:13:40 PM","status":"PASS","level":3,"isLeaf":true,"name":"Given I go to the login page \"https://ineuron-courses.vercel.app/login\"","description":"steps.MyStepdefs.iGoToTheLoginPage(java.lang.String)","bddType":"com.aventstack.extentreports.gherkin.model.Given","infoMap":{},"children":[],"logs":[{"timestamp":"Jun 21, 2023, 8:13:40 PM","status":"PASS","details":"","seq":0,"infoMap":{}}],"media":[],"exceptions":[],"authorSet":[],"categorySet":[],"deviceSet":[],"generatedLog":[]},{"useNaturalConf":true,"startTime":"Jun 21, 2023, 8:13:40 PM","endTime":"Jun 21, 2023, 8:13:41 PM","status":"PASS","level":3,"isLeaf":true,"name":"When I enter \"inueron@neuron.ai\" and \"ineuron\"","description":"steps.MyStepdefs.iEnterAnd(java.lang.String,java.lang.String)","bddType":"com.aventstack.extentreports.gherkin.model.When","infoMap":{},"children":[],"logs":[{"timestamp":"Jun 21, 2023, 8:13:41 PM","status":"PASS","details":"","seq":0,"infoMap":{}}],"media":[],"exceptions":[],"authorSet":[],"categorySet":[],"deviceSet":[],"generatedLog":[]},{"useNaturalConf":true,"startTime":"Jun 21, 2023, 8:13:41 PM","endTime":"Jun 21, 2023, 8:13:41 PM","status":"PASS","level":3,"isLeaf":true,"name":"And i click on sign in","description":"steps.MyStepdefs.iClickOnSignIn()","bddType":"com.aventstack.extentreports.gherkin.model.And","infoMap":{},"children":[],"logs":[{"timestamp":"Jun 21, 2023, 8:13:41 PM","status":"PASS","details":"","seq":0,"infoMap":{}}],"media":[],"exceptions":[],"authorSet":[],"categorySet":[],"deviceSet":[],"generatedLog":[]},{"useNaturalConf":true,"startTime":"Jun 21, 2023, 8:13:41 PM","endTime":"Jun 21, 2023, 8:13:51 PM","status":"FAIL","level":3,"isLeaf":true,"name":"And i click on Manage","description":"steps.MyStepdefs.iClickOnManage()","bddType":"com.aventstack.extentreports.gherkin.model.And","infoMap":{},"children":[],"logs":[{"timestamp":"Jun 21, 2023, 8:13:51 PM","status":"FAIL","details":"","seq":0,"infoMap":{},"exception":{"exception":{"extraInfo":{"Driver info":"org.openqa.selenium.chrome.ChromeDriver","Command":"[bcd6a895e19e2539f17fdfc2842c3a0c, findElement {using\u003dxpath, value\u003d//span[text()\u003d\u0027Manage\u0027]}]","Capabilities":"Capabilities {acceptInsecureCerts: false, browserName: chrome, browserVersion: 114.0.5735.134, chrome: {chromedriverVersion: 114.0.5735.90 (386bc09e8f4f..., userDataDir: C:\\Users\\dapsh\\AppData\\Loca...}, goog:chromeOptions: {debuggerAddress: localhost:53980}, networkConnectionEnabled: false, pageLoadStrategy: normal, platformName: WINDOWS, proxy: Proxy(), se:cdp: ws://localhost:53980/devtoo..., se:cdpVersion: 114.0.5735.134, setWindowRect: true, strictFileInteractability: false, timeouts: {implicit: 0, pageLoad: 300000, script: 30000}, unhandledPromptBehavior: dismiss and notify, webauthn:extension:credBlob: true, webauthn:extension:largeBlob: true, webauthn:extension:minPinLength: true, webauthn:extension:prf: true, webauthn:virtualAuthenticators: true}","Session ID":"bcd6a895e19e2539f17fdfc2842c3a0c"},"detailMessage":"no such element: Unable to locate element: {\"method\":\"xpath\",\"selector\":\"//span[text()\u003d\u0027Manage\u0027]\"}\n  (Session info: chrome\u003d114.0.5735.134)","stackTrace":[{"moduleName":"java.base","moduleVersion":"11.0.19","declaringClass":"jdk.internal.reflect.NativeConstructorAccessorImpl","methodName":"newInstance0","fileName":"NativeConstructorAccessorImpl.java","lineNumber":-2,"format":2},{"moduleName":"java.base","moduleVersion":"11.0.19","declaringClass":"jdk.internal.reflect.NativeConstructorAccessorImpl","methodName":"newInstance","fileName":"NativeConstructorAccessorImpl.java","lineNumber":62,"format":2},{"moduleName":"java.base","moduleVersion":"11.0.19","declaringClass":"jdk.internal.reflect.DelegatingConstructorAccessorImpl","methodName":"newInstance","fileName":"DelegatingConstructorAccessorImpl.java","lineNumber":45,"format":2},{"moduleName":"java.base","moduleVersion":"11.0.19","declaringClass":"java.lang.reflect.Constructor","methodName":"newInstance","fileName":"Constructor.java","lineNumber":490,"format":2},{"classLoaderName":"app","declaringClass":"org.openqa.selenium.remote.codec.w3c.W3CHttpResponseCodec","methodName":"createException","fileName":"W3CHttpResponseCodec.java","lineNumber":200,"format":1},{"classLoaderName":"app","declaringClass":"org.openqa.selenium.remote.codec.w3c.W3CHttpResponseCodec","methodName":"decode","fileName":"W3CHttpResponseCodec.java","lineNumber":133,"format":1},{"classLoaderName":"app","declaringClass":"org.openqa.selenium.remote.codec.w3c.W3CHttpResponseCodec","methodName":"decode","fileName":"W3CHttpResponseCodec.java","lineNumber":53,"format":1},{"classLoaderName":"app","declaringClass":"org.openqa.selenium.remote.HttpCommandExecutor","methodName":"execute","fileName":"HttpCommandExecutor.java","lineNumber":184,"format":1},{"classLoaderName":"app","declaringClass":"org.openqa.selenium.remote.service.DriverCommandExecutor","methodName":"invokeExecute","fileName":"DriverCommandExecutor.java","lineNumber":167,"format":1},{"classLoaderName":"app","declaringClass":"org.openqa.selenium.remote.service.DriverCommandExecutor","methodName":"execute","fileName":"DriverCommandExecutor.java","lineNumber":142,"format":1},{"classLoaderName":"app","declaringClass":"org.openqa.selenium.remote.RemoteWebDriver","methodName":"execute","fileName":"RemoteWebDriver.java","lineNumber":547,"format":1},{"classLoaderName":"app","declaringClass":"org.openqa.selenium.remote.ElementLocation$ElementFinder$2","methodName":"findElement","fileName":"ElementLocation.java","lineNumber":162,"format":1},{"classLoaderName":"app","declaringClass":"org.openqa.selenium.remote.ElementLocation","methodName":"findElement","fileName":"ElementLocation.java","lineNumber":60,"format":1},{"classLoaderName":"app","declaringClass":"org.openqa.selenium.remote.RemoteWebDriver","methodName":"findElement","fileName":"RemoteWebDriver.java","lineNumber":365,"format":1},{"classLoaderName":"app","declaringClass":"org.openqa.selenium.remote.RemoteWebDriver","methodName":"findElement","fileName":"RemoteWebDriver.java","lineNumber":357,"format":1},{"classLoaderName":"app","declaringClass":"steps.MyStepdefs","methodName":"iClickOnManage","fileName":"MyStepdefs.java","lineNumber":45,"format":1},{"declaringClass":"✽","methodName":"i click on Manage","fileName":"file:///C:/Users/dapsh/.m2/Jun2023/src/test/resources/features/Testfeature1.feature","lineNumber":9,"format":0}],"suppressedExceptions":[]},"stackTrace":"org.openqa.selenium.NoSuchElementException: no such element: Unable to locate element: {\"method\":\"xpath\",\"selector\":\"//span[text()\u003d\u0027Manage\u0027]\"}\n  (Session info: chrome\u003d114.0.5735.134)\nFor documentation on this error, please visit: https://selenium.dev/exceptions/#no_such_element\nBuild info: version: \u00274.4.0\u0027, revision: \u0027e5c75ed026a\u0027\nSystem info: host: \u0027DEE\u0027, ip: \u0027192.168.1.50\u0027, os.name: \u0027Windows 11\u0027, os.arch: \u0027amd64\u0027, os.version: \u002710.0\u0027, java.version: \u002711.0.19\u0027\nDriver info: org.openqa.selenium.chrome.ChromeDriver\nCommand: [bcd6a895e19e2539f17fdfc2842c3a0c, findElement {using\u003dxpath, value\u003d//span[text()\u003d\u0027Manage\u0027]}]\nCapabilities {acceptInsecureCerts: false, browserName: chrome, browserVersion: 114.0.5735.134, chrome: {chromedriverVersion: 114.0.5735.90 (386bc09e8f4f..., userDataDir: C:\\Users\\dapsh\\AppData\\Loca...}, goog:chromeOptions: {debuggerAddress: localhost:53980}, networkConnectionEnabled: false, pageLoadStrategy: normal, platformName: WINDOWS, proxy: Proxy(), se:cdp: ws://localhost:53980/devtoo..., se:cdpVersion: 114.0.5735.134, setWindowRect: true, strictFileInteractability: false, timeouts: {implicit: 0, pageLoad: 300000, script: 30000}, unhandledPromptBehavior: dismiss and notify, webauthn:extension:credBlob: true, webauthn:extension:largeBlob: true, webauthn:extension:minPinLength: true, webauthn:extension:prf: true, webauthn:virtualAuthenticators: true}\nSession ID: bcd6a895e19e2539f17fdfc2842c3a0c\r\n\tat java.base/jdk.internal.reflect.NativeConstructorAccessorImpl.newInstance0(Native Method)\r\n\tat java.base/jdk.internal.reflect.NativeConstructorAccessorImpl.newInstance(NativeConstructorAccessorImpl.java:62)\r\n\tat java.base/jdk.internal.reflect.DelegatingConstructorAccessorImpl.newInstance(DelegatingConstructorAccessorImpl.java:45)\r\n\tat java.base/java.lang.reflect.Constructor.newInstance(Constructor.java:490)\r\n\tat org.openqa.selenium.remote.codec.w3c.W3CHttpResponseCodec.createException(W3CHttpResponseCodec.java:200)\r\n\tat org.openqa.selenium.remote.codec.w3c.W3CHttpResponseCodec.decode(W3CHttpResponseCodec.java:133)\r\n\tat org.openqa.selenium.remote.codec.w3c.W3CHttpResponseCodec.decode(W3CHttpResponseCodec.java:53)\r\n\tat org.openqa.selenium.remote.HttpCommandExecutor.execute(HttpCommandExecutor.java:184)\r\n\tat org.openqa.selenium.remote.service.DriverCommandExecutor.invokeExecute(DriverCommandExecutor.java:167)\r\n\tat org.openqa.selenium.remote.service.DriverCommandExecutor.execute(DriverCommandExecutor.java:142)\r\n\tat org.openqa.selenium.remote.RemoteWebDriver.execute(RemoteWebDriver.java:547)\r\n\tat org.openqa.selenium.remote.ElementLocation$ElementFinder$2.findElement(ElementLocation.java:162)\r\n\tat org.openqa.selenium.remote.ElementLocation.findElement(ElementLocation.java:60)\r\n\tat org.openqa.selenium.remote.RemoteWebDriver.findElement(RemoteWebDriver.java:365)\r\n\tat org.openqa.selenium.remote.RemoteWebDriver.findElement(RemoteWebDriver.java:357)\r\n\tat steps.MyStepdefs.iClickOnManage(MyStepdefs.java:45)\r\n\tat ✽.i click on Manage(file:///C:/Users/dapsh/.m2/Jun2023/src/test/resources/features/Testfeature1.feature:9)\r\n","name":"org.openqa.selenium.NoSuchElementException"}}],"media":[],"exceptions":[{"exception":{"extraInfo":{"Driver info":"org.openqa.selenium.chrome.ChromeDriver","Command":"[bcd6a895e19e2539f17fdfc2842c3a0c, findElement {using\u003dxpath, value\u003d//span[text()\u003d\u0027Manage\u0027]}]","Capabilities":"Capabilities {acceptInsecureCerts: false, browserName: chrome, browserVersion: 114.0.5735.134, chrome: {chromedriverVersion: 114.0.5735.90 (386bc09e8f4f..., userDataDir: C:\\Users\\dapsh\\AppData\\Loca...}, goog:chromeOptions: {debuggerAddress: localhost:53980}, networkConnectionEnabled: false, pageLoadStrategy: normal, platformName: WINDOWS, proxy: Proxy(), se:cdp: ws://localhost:53980/devtoo..., se:cdpVersion: 114.0.5735.134, setWindowRect: true, strictFileInteractability: false, timeouts: {implicit: 0, pageLoad: 300000, script: 30000}, unhandledPromptBehavior: dismiss and notify, webauthn:extension:credBlob: true, webauthn:extension:largeBlob: true, webauthn:extension:minPinLength: true, webauthn:extension:prf: true, webauthn:virtualAuthenticators: true}","Session ID":"bcd6a895e19e2539f17fdfc2842c3a0c"},"detailMessage":"no such element: Unable to locate element: {\"method\":\"xpath\",\"selector\":\"//span[text()\u003d\u0027Manage\u0027]\"}\n  (Session info: chrome\u003d114.0.5735.134)","stackTrace":[{"moduleName":"java.base","moduleVersion":"11.0.19","declaringClass":"jdk.internal.reflect.NativeConstructorAccessorImpl","methodName":"newInstance0","fileName":"NativeConstructorAccessorImpl.java","lineNumber":-2,"format":2},{"moduleName":"java.base","moduleVersion":"11.0.19","declaringClass":"jdk.internal.reflect.NativeConstructorAccessorImpl","methodName":"newInstance","fileName":"NativeConstructorAccessorImpl.java","lineNumber":62,"format":2},{"moduleName":"java.base","moduleVersion":"11.0.19","declaringClass":"jdk.internal.reflect.DelegatingConstructorAccessorImpl","methodName":"newInstance","fileName":"DelegatingConstructorAccessorImpl.java","lineNumber":45,"format":2},{"moduleName":"java.base","moduleVersion":"11.0.19","declaringClass":"java.lang.reflect.Constructor","methodName":"newInstance","fileName":"Constructor.java","lineNumber":490,"format":2},{"classLoaderName":"app","declaringClass":"org.openqa.selenium.remote.codec.w3c.W3CHttpResponseCodec","methodName":"createException","fileName":"W3CHttpResponseCodec.java","lineNumber":200,"format":1},{"classLoaderName":"app","declaringClass":"org.openqa.selenium.remote.codec.w3c.W3CHttpResponseCodec","methodName":"decode","fileName":"W3CHttpResponseCodec.java","lineNumber":133,"format":1},{"classLoaderName":"app","declaringClass":"org.openqa.selenium.remote.codec.w3c.W3CHttpResponseCodec","methodName":"decode","fileName":"W3CHttpResponseCodec.java","lineNumber":53,"format":1},{"classLoaderName":"app","declaringClass":"org.openqa.selenium.remote.HttpCommandExecutor","methodName":"execute","fileName":"HttpCommandExecutor.java","lineNumber":184,"format":1},{"classLoaderName":"app","declaringClass":"org.openqa.selenium.remote.service.DriverCommandExecutor","methodName":"invokeExecute","fileName":"DriverCommandExecutor.java","lineNumber":167,"format":1},{"classLoaderName":"app","declaringClass":"org.openqa.selenium.remote.service.DriverCommandExecutor","methodName":"execute","fileName":"DriverCommandExecutor.java","lineNumber":142,"format":1},{"classLoaderName":"app","declaringClass":"org.openqa.selenium.remote.RemoteWebDriver","methodName":"execute","fileName":"RemoteWebDriver.java","lineNumber":547,"format":1},{"classLoaderName":"app","declaringClass":"org.openqa.selenium.remote.ElementLocation$ElementFinder$2","methodName":"findElement","fileName":"ElementLocation.java","lineNumber":162,"format":1},{"classLoaderName":"app","declaringClass":"org.openqa.selenium.remote.ElementLocation","methodName":"findElement","fileName":"ElementLocation.java","lineNumber":60,"format":1},{"classLoaderName":"app","declaringClass":"org.openqa.selenium.remote.RemoteWebDriver","methodName":"findElement","fileName":"RemoteWebDriver.java","lineNumber":365,"format":1},{"classLoaderName":"app","declaringClass":"org.openqa.selenium.remote.RemoteWebDriver","methodName":"findElement","fileName":"RemoteWebDriver.java","lineNumber":357,"format":1},{"classLoaderName":"app","declaringClass":"steps.MyStepdefs","methodName":"iClickOnManage","fileName":"MyStepdefs.java","lineNumber":45,"format":1},{"declaringClass":"✽","methodName":"i click on Manage","fileName":"file:///C:/Users/dapsh/.m2/Jun2023/src/test/resources/features/Testfeature1.feature","lineNumber":9,"format":0}],"suppressedExceptions":[]},"stackTrace":"org.openqa.selenium.NoSuchElementException: no such element: Unable to locate element: {\"method\":\"xpath\",\"selector\":\"//span[text()\u003d\u0027Manage\u0027]\"}\n  (Session info: chrome\u003d114.0.5735.134)\nFor documentation on this error, please visit: https://selenium.dev/exceptions/#no_such_element\nBuild info: version: \u00274.4.0\u0027, revision: \u0027e5c75ed026a\u0027\nSystem info: host: \u0027DEE\u0027, ip: \u0027192.168.1.50\u0027, os.name: \u0027Windows 11\u0027, os.arch: \u0027amd64\u0027, os.version: \u002710.0\u0027, java.version: \u002711.0.19\u0027\nDriver info: org.openqa.selenium.chrome.ChromeDriver\nCommand: [bcd6a895e19e2539f17fdfc2842c3a0c, findElement {using\u003dxpath, value\u003d//span[text()\u003d\u0027Manage\u0027]}]\nCapabilities {acceptInsecureCerts: false, browserName: chrome, browserVersion: 114.0.5735.134, chrome: {chromedriverVersion: 114.0.5735.90 (386bc09e8f4f..., userDataDir: C:\\Users\\dapsh\\AppData\\Loca...}, goog:chromeOptions: {debuggerAddress: localhost:53980}, networkConnectionEnabled: false, pageLoadStrategy: normal, platformName: WINDOWS, proxy: Proxy(), se:cdp: ws://localhost:53980/devtoo..., se:cdpVersion: 114.0.5735.134, setWindowRect: true, strictFileInteractability: false, timeouts: {implicit: 0, pageLoad: 300000, script: 30000}, unhandledPromptBehavior: dismiss and notify, webauthn:extension:credBlob: true, webauthn:extension:largeBlob: true, webauthn:extension:minPinLength: true, webauthn:extension:prf: true, webauthn:virtualAuthenticators: true}\nSession ID: bcd6a895e19e2539f17fdfc2842c3a0c\r\n\tat java.base/jdk.internal.reflect.NativeConstructorAccessorImpl.newInstance0(Native Method)\r\n\tat java.base/jdk.internal.reflect.NativeConstructorAccessorImpl.newInstance(NativeConstructorAccessorImpl.java:62)\r\n\tat java.base/jdk.internal.reflect.DelegatingConstructorAccessorImpl.newInstance(DelegatingConstructorAccessorImpl.java:45)\r\n\tat java.base/java.lang.reflect.Constructor.newInstance(Constructor.java:490)\r\n\tat org.openqa.selenium.remote.codec.w3c.W3CHttpResponseCodec.createException(W3CHttpResponseCodec.java:200)\r\n\tat org.openqa.selenium.remote.codec.w3c.W3CHttpResponseCodec.decode(W3CHttpResponseCodec.java:133)\r\n\tat org.openqa.selenium.remote.codec.w3c.W3CHttpResponseCodec.decode(W3CHttpResponseCodec.java:53)\r\n\tat org.openqa.selenium.remote.HttpCommandExecutor.execute(HttpCommandExecutor.java:184)\r\n\tat org.openqa.selenium.remote.service.DriverCommandExecutor.invokeExecute(DriverCommandExecutor.java:167)\r\n\tat org.openqa.selenium.remote.service.DriverCommandExecutor.execute(DriverCommandExecutor.java:142)\r\n\tat org.openqa.selenium.remote.RemoteWebDriver.execute(RemoteWebDriver.java:547)\r\n\tat org.openqa.selenium.remote.ElementLocation$ElementFinder$2.findElement(ElementLocation.java:162)\r\n\tat org.openqa.selenium.remote.ElementLocation.findElement(ElementLocation.java:60)\r\n\tat org.openqa.selenium.remote.RemoteWebDriver.findElement(RemoteWebDriver.java:365)\r\n\tat org.openqa.selenium.remote.RemoteWebDriver.findElement(RemoteWebDriver.java:357)\r\n\tat steps.MyStepdefs.iClickOnManage(MyStepdefs.java:45)\r\n\tat ✽.i click on Manage(file:///C:/Users/dapsh/.m2/Jun2023/src/test/resources/features/Testfeature1.feature:9)\r\n","name":"org.openqa.selenium.NoSuchElementException"}],"authorSet":[],"categorySet":[],"deviceSet":[],"generatedLog":[]}],"logs":[],"media":[],"exceptions":[],"authorSet":[],"categorySet":[{"name":"@Login"}],"deviceSet":[],"generatedLog":[]}],"logs":[],"media":[],"exceptions":[],"authorSet":[],"categorySet":[],"deviceSet":[],"generatedLog":[]}],"logs":[],"media":[],"exceptions":[],"authorSet":[],"categorySet":[],"deviceSet":[],"generatedLog":[]}]